<?xml version="1.0" encoding="UTF-8"?>
<!-- Generated by org.testng.reporters.JUnitReportReporter -->
<testsuite skipped="0" hostname="Swarshri-Saraf-INP2MLAP0006.local" name="pune.amnora.in.idemia.Gmail.GmailLogin" tests="1" failures="0" timestamp="18 Jun 2018 06:03:48 GMT" time="18.270" errors="0">
  <testcase name="testLoginWithValidCredsAndLogout" time="18.270" classname="pune.amnora.in.idemia.Gmail.GmailLogin"/>
</testsuite> <!-- pune.amnora.in.idemia.Gmail.GmailLogin -->
