<?xml version="1.0" encoding="UTF-8"?>
<!-- Generated by org.testng.reporters.JUnitReportReporter -->
<testsuite skipped="0" hostname="Swarshri-Saraf-INP2MLAP0006.local" name="pune.amnora.in.idemia.Gmail.Facebook" tests="1" failures="0" timestamp="23 Jun 2018 18:05:38 GMT" time="23.454" errors="0">
  <testcase name="dragAndDrop" time="23.454" classname="pune.amnora.in.idemia.Gmail.Facebook"/>
</testsuite> <!-- pune.amnora.in.idemia.Gmail.Facebook -->
